SF:lib/data/api.dart
DA:9,1
DA:10,3
DA:12,2
DA:14,2
DA:15,1
DA:16,4
LF:6
LH:6
end_of_record
SF:lib/model/photo.dart
DA:30,0
DA:60,1
DA:61,2
DA:62,2
DA:63,2
DA:64,2
DA:65,2
DA:66,2
DA:67,2
DA:68,2
DA:69,2
DA:70,2
DA:71,2
DA:72,2
DA:73,2
DA:74,2
DA:75,2
DA:76,2
DA:77,2
DA:78,2
DA:79,2
DA:80,2
DA:81,2
DA:82,2
DA:85,0
DA:86,0
DA:87,0
DA:88,0
DA:89,0
DA:90,0
DA:91,0
DA:92,0
DA:93,0
DA:94,0
DA:95,0
DA:96,0
DA:97,0
DA:98,0
DA:99,0
DA:100,0
DA:101,0
DA:102,0
DA:103,0
DA:104,0
DA:105,0
DA:106,0
DA:107,0
DA:108,0
LF:48
LH:23
end_of_record
SF:lib/ui/home_view_model.dart
DA:8,3
DA:11,1
DA:14,1
DA:15,2
DA:16,2
LF:5
LH:5
end_of_record
